[2025.03.07 16:20:46] (Coverage ERROR): Failed to parse agent arguments
java.lang.IllegalArgumentException: At least 5 arguments expected but 1 found.
'C:\Users\±èÇö¿í\AppData\Local\Temp\coveragear'
Expected arguments are:
0) data file to save coverage result
1) a flag to enable tracking per test coverage
2) a flag to calculate coverage for unloaded classes
3) a flag to use data file as initial coverage, also use it if several parallel processes are to write into one file
4) a flag to run line coverage or branch coverage otherwise

	at com.intellij.rt.coverage.instrumentation.CoverageArgs.fromString(CoverageArgs.java:60)
	at com.intellij.rt.coverage.instrumentation.Instrumentator.performPremain(Instrumentator.java:58)
	at com.intellij.rt.coverage.instrumentation.Instrumentator.premain(Instrumentator.java:44)
	at java.base/jdk.internal.reflect.DirectMethodHandleAccessor.invoke(DirectMethodHandleAccessor.java:103)
	at java.base/java.lang.reflect.Method.invoke(Method.java:580)
	at com.intellij.rt.coverage.main.CoveragePremain.premain(CoveragePremain.java:35)
	at com.intellij.rt.coverage.main.CoveragePremain.premain(CoveragePremain.java:28)
	at java.base/jdk.internal.reflect.DirectMethodHandleAccessor.invoke(DirectMethodHandleAccessor.java:103)
	at java.base/java.lang.reflect.Method.invoke(Method.java:580)
	at java.instrument/sun.instrument.InstrumentationImpl.loadClassAndStartAgent(InstrumentationImpl.java:560)
	at java.instrument/sun.instrument.InstrumentationImpl.loadClassAndCallPremain(InstrumentationImpl.java:572)
[2025.03.07 16:20:59] (Coverage ERROR): Failed to parse agent arguments
java.lang.IllegalArgumentException: At least 5 arguments expected but 1 found.
'C:\Users\±èÇö¿í\AppData\Local\Temp\coverage1ar'
Expected arguments are:
0) data file to save coverage result
1) a flag to enable tracking per test coverage
2) a flag to calculate coverage for unloaded classes
3) a flag to use data file as initial coverage, also use it if several parallel processes are to write into one file
4) a flag to run line coverage or branch coverage otherwise

	at com.intellij.rt.coverage.instrumentation.CoverageArgs.fromString(CoverageArgs.java:60)
	at com.intellij.rt.coverage.instrumentation.Instrumentator.performPremain(Instrumentator.java:58)
	at com.intellij.rt.coverage.instrumentation.Instrumentator.premain(Instrumentator.java:44)
	at java.base/jdk.internal.reflect.DirectMethodHandleAccessor.invoke(DirectMethodHandleAccessor.java:103)
	at java.base/java.lang.reflect.Method.invoke(Method.java:580)
	at com.intellij.rt.coverage.main.CoveragePremain.premain(CoveragePremain.java:35)
	at com.intellij.rt.coverage.main.CoveragePremain.premain(CoveragePremain.java:28)
	at java.base/jdk.internal.reflect.DirectMethodHandleAccessor.invoke(DirectMethodHandleAccessor.java:103)
	at java.base/java.lang.reflect.Method.invoke(Method.java:580)
	at java.instrument/sun.instrument.InstrumentationImpl.loadClassAndStartAgent(InstrumentationImpl.java:560)
	at java.instrument/sun.instrument.InstrumentationImpl.loadClassAndCallPremain(InstrumentationImpl.java:572)
[2025.03.07 16:21:07] (Coverage ERROR): Failed to parse agent arguments
java.lang.IllegalArgumentException: At least 5 arguments expected but 1 found.
'C:\Users\±èÇö¿í\AppData\Local\Temp\coverage2ar'
Expected arguments are:
0) data file to save coverage result
1) a flag to enable tracking per test coverage
2) a flag to calculate coverage for unloaded classes
3) a flag to use data file as initial coverage, also use it if several parallel processes are to write into one file
4) a flag to run line coverage or branch coverage otherwise

	at com.intellij.rt.coverage.instrumentation.CoverageArgs.fromString(CoverageArgs.java:60)
	at com.intellij.rt.coverage.instrumentation.Instrumentator.performPremain(Instrumentator.java:58)
	at com.intellij.rt.coverage.instrumentation.Instrumentator.premain(Instrumentator.java:44)
	at java.base/jdk.internal.reflect.DirectMethodHandleAccessor.invoke(DirectMethodHandleAccessor.java:103)
	at java.base/java.lang.reflect.Method.invoke(Method.java:580)
	at com.intellij.rt.coverage.main.CoveragePremain.premain(CoveragePremain.java:35)
	at com.intellij.rt.coverage.main.CoveragePremain.premain(CoveragePremain.java:28)
	at java.base/jdk.internal.reflect.DirectMethodHandleAccessor.invoke(DirectMethodHandleAccessor.java:103)
	at java.base/java.lang.reflect.Method.invoke(Method.java:580)
	at java.instrument/sun.instrument.InstrumentationImpl.loadClassAndStartAgent(InstrumentationImpl.java:560)
	at java.instrument/sun.instrument.InstrumentationImpl.loadClassAndCallPremain(InstrumentationImpl.java:572)
[2025.03.07 16:21:14] (Coverage ERROR): Failed to parse agent arguments
java.lang.IllegalArgumentException: At least 5 arguments expected but 1 found.
'C:\Users\±èÇö¿í\AppData\Local\Temp\coverage8ar'
Expected arguments are:
0) data file to save coverage result
1) a flag to enable tracking per test coverage
2) a flag to calculate coverage for unloaded classes
3) a flag to use data file as initial coverage, also use it if several parallel processes are to write into one file
4) a flag to run line coverage or branch coverage otherwise

	at com.intellij.rt.coverage.instrumentation.CoverageArgs.fromString(CoverageArgs.java:60)
	at com.intellij.rt.coverage.instrumentation.Instrumentator.performPremain(Instrumentator.java:58)
	at com.intellij.rt.coverage.instrumentation.Instrumentator.premain(Instrumentator.java:44)
	at java.base/jdk.internal.reflect.DirectMethodHandleAccessor.invoke(DirectMethodHandleAccessor.java:103)
	at java.base/java.lang.reflect.Method.invoke(Method.java:580)
	at com.intellij.rt.coverage.main.CoveragePremain.premain(CoveragePremain.java:35)
	at com.intellij.rt.coverage.main.CoveragePremain.premain(CoveragePremain.java:28)
	at java.base/jdk.internal.reflect.DirectMethodHandleAccessor.invoke(DirectMethodHandleAccessor.java:103)
	at java.base/java.lang.reflect.Method.invoke(Method.java:580)
	at java.instrument/sun.instrument.InstrumentationImpl.loadClassAndStartAgent(InstrumentationImpl.java:560)
	at java.instrument/sun.instrument.InstrumentationImpl.loadClassAndCallPremain(InstrumentationImpl.java:572)
[2025.03.07 16:21:27] (Coverage ERROR): Failed to parse agent arguments
java.lang.IllegalArgumentException: At least 5 arguments expected but 1 found.
'C:\Users\±èÇö¿í\AppData\Local\Temp\coverage6ar'
Expected arguments are:
0) data file to save coverage result
1) a flag to enable tracking per test coverage
2) a flag to calculate coverage for unloaded classes
3) a flag to use data file as initial coverage, also use it if several parallel processes are to write into one file
4) a flag to run line coverage or branch coverage otherwise

	at com.intellij.rt.coverage.instrumentation.CoverageArgs.fromString(CoverageArgs.java:60)
	at com.intellij.rt.coverage.instrumentation.Instrumentator.performPremain(Instrumentator.java:58)
	at com.intellij.rt.coverage.instrumentation.Instrumentator.premain(Instrumentator.java:44)
	at java.base/jdk.internal.reflect.DirectMethodHandleAccessor.invoke(DirectMethodHandleAccessor.java:103)
	at java.base/java.lang.reflect.Method.invoke(Method.java:580)
	at com.intellij.rt.coverage.main.CoveragePremain.premain(CoveragePremain.java:35)
	at com.intellij.rt.coverage.main.CoveragePremain.premain(CoveragePremain.java:28)
	at java.base/jdk.internal.reflect.DirectMethodHandleAccessor.invoke(DirectMethodHandleAccessor.java:103)
	at java.base/java.lang.reflect.Method.invoke(Method.java:580)
	at java.instrument/sun.instrument.InstrumentationImpl.loadClassAndStartAgent(InstrumentationImpl.java:560)
	at java.instrument/sun.instrument.InstrumentationImpl.loadClassAndCallPremain(InstrumentationImpl.java:572)
[2025.03.07 16:21:55] (Coverage ERROR): Failed to parse agent arguments
java.lang.IllegalArgumentException: At least 5 arguments expected but 1 found.
'C:\Users\±èÇö¿í\AppData\Local\Temp\coverage5ar'
Expected arguments are:
0) data file to save coverage result
1) a flag to enable tracking per test coverage
2) a flag to calculate coverage for unloaded classes
3) a flag to use data file as initial coverage, also use it if several parallel processes are to write into one file
4) a flag to run line coverage or branch coverage otherwise

	at com.intellij.rt.coverage.instrumentation.CoverageArgs.fromString(CoverageArgs.java:60)
	at com.intellij.rt.coverage.instrumentation.Instrumentator.performPremain(Instrumentator.java:58)
	at com.intellij.rt.coverage.instrumentation.Instrumentator.premain(Instrumentator.java:44)
	at java.base/jdk.internal.reflect.DirectMethodHandleAccessor.invoke(DirectMethodHandleAccessor.java:103)
	at java.base/java.lang.reflect.Method.invoke(Method.java:580)
	at com.intellij.rt.coverage.main.CoveragePremain.premain(CoveragePremain.java:35)
	at com.intellij.rt.coverage.main.CoveragePremain.premain(CoveragePremain.java:28)
	at java.base/jdk.internal.reflect.DirectMethodHandleAccessor.invoke(DirectMethodHandleAccessor.java:103)
	at java.base/java.lang.reflect.Method.invoke(Method.java:580)
	at java.instrument/sun.instrument.InstrumentationImpl.loadClassAndStartAgent(InstrumentationImpl.java:560)
	at java.instrument/sun.instrument.InstrumentationImpl.loadClassAndCallPremain(InstrumentationImpl.java:572)
[2025.03.07 16:22:10] (Coverage ERROR): Failed to parse agent arguments
java.lang.IllegalArgumentException: At least 5 arguments expected but 1 found.
'C:\Users\±èÇö¿í\AppData\Local\Temp\coverage9495ar'
Expected arguments are:
0) data file to save coverage result
1) a flag to enable tracking per test coverage
2) a flag to calculate coverage for unloaded classes
3) a flag to use data file as initial coverage, also use it if several parallel processes are to write into one file
4) a flag to run line coverage or branch coverage otherwise

	at com.intellij.rt.coverage.instrumentation.CoverageArgs.fromString(CoverageArgs.java:60)
	at com.intellij.rt.coverage.instrumentation.Instrumentator.performPremain(Instrumentator.java:58)
	at com.intellij.rt.coverage.instrumentation.Instrumentator.premain(Instrumentator.java:44)
	at java.base/jdk.internal.reflect.DirectMethodHandleAccessor.invoke(DirectMethodHandleAccessor.java:103)
	at java.base/java.lang.reflect.Method.invoke(Method.java:580)
	at com.intellij.rt.coverage.main.CoveragePremain.premain(CoveragePremain.java:35)
	at com.intellij.rt.coverage.main.CoveragePremain.premain(CoveragePremain.java:28)
	at java.base/jdk.internal.reflect.DirectMethodHandleAccessor.invoke(DirectMethodHandleAccessor.java:103)
	at java.base/java.lang.reflect.Method.invoke(Method.java:580)
	at java.instrument/sun.instrument.InstrumentationImpl.loadClassAndStartAgent(InstrumentationImpl.java:560)
	at java.instrument/sun.instrument.InstrumentationImpl.loadClassAndCallPremain(InstrumentationImpl.java:572)
